Arguments: 
  /usr/local/bin/node /usr/local/Cellar/yarn/1.6.0/libexec/bin/yarn.js add react-navigation

PATH: 
  /usr/local/bin:/usr/bin:/bin:/usr/sbin:/sbin:/usr/local/share/dotnet:/opt/X11/bin:/Library/Frameworks/Mono.framework/Versions/Current/Commands:/Applications/Wireshark.app/Contents/MacOS

Yarn version: 
  1.6.0

Node version: 
  8.11.2

Platform: 
  darwin x64

Trace: 
  Error: https://registry.yarnpkg.com/expo: ETIMEDOUT
      at Timeout._onTimeout (/usr/local/Cellar/yarn/1.6.0/libexec/lib/cli.js:133819:19)
      at ontimeout (timers.js:498:11)
      at tryOnTimeout (timers.js:323:5)
      at Timer.listOnTimeout (timers.js:290:5)

npm manifest: 
  {
    "name": "empty-project-template",
    "main": "node_modules/expo/AppEntry.js",
    "private": true,
    "scripts": {
      "start": "expo start",
      "android": "expo start --android",
      "ios": "expo start --ios",
      "eject": "expo eject"
    },
    "dependencies": {
      "expo": "^31.0.2",
      "react": "16.5.0",
      "react-native": "https://github.com/expo/react-native/archive/sdk-31.0.0.tar.gz",
      "react-navigation": "^3.2.1"
    },
    "devDependencies": {
      "babel-preset-expo": "^5.0.0"
    }
  }

yarn manifest: 
  No manifest

Lockfile: 
  No lockfile
